<?xml version="1.0" encoding="UTF-8"?>
<testsuite name="org.hayabaya.datarelated.OperationTest" tests="2" skipped="0" failures="0" errors="0" timestamp="2015-10-09T05:46:40" hostname="X51" time="0.001">
  <properties/>
  <testcase name="testThrowsIllegalArgumentException" classname="org.hayabaya.datarelated.OperationTest" time="0.001"/>
  <testcase name="testToString" classname="org.hayabaya.datarelated.OperationTest" time="0.0"/>
  <system-out><![CDATA[]]></system-out>
  <system-err><![CDATA[]]></system-err>
</testsuite>
