<?xml version="1.0" encoding="UTF-8"?>
<testsuite name="org.hayabaya.MainClassTest" tests="8" skipped="0" failures="0" errors="0" timestamp="2015-10-09T05:46:40" hostname="X51" time="0.3">
  <properties/>
  <testcase name="testValidateArgsValuesBadName" classname="org.hayabaya.MainClassTest" time="0.119"/>
  <testcase name="programExitsCorrectWithCorrectArguments" classname="org.hayabaya.MainClassTest" time="0.178"/>
  <testcase name="testValidateArgsValuesNegativeReps" classname="org.hayabaya.MainClassTest" time="0.001"/>
  <testcase name="testValidateArgsValuesTooManyReps" classname="org.hayabaya.MainClassTest" time="0.0"/>
  <testcase name="testValidateArgsValuesValueIncorrectSampleSize" classname="org.hayabaya.MainClassTest" time="0.0"/>
  <testcase name="testValidateArgsWithBadArgs" classname="org.hayabaya.MainClassTest" time="0.0"/>
  <testcase name="testValidateArgsValuesZeroLengthName" classname="org.hayabaya.MainClassTest" time="0.0"/>
  <testcase name="testValidateArgsValuesDoubleReps" classname="org.hayabaya.MainClassTest" time="0.001"/>
  <system-out><![CDATA[{"data":[[0,0,0,0,0,0,0,0,0,0,0],[0,0,0,0,0,0,0,0,0,0,1],[0,0,0,0,0,0,0,0,0,0,0],[0,0,0,0,0,0,0,0,0,0,0],[0,0,2,0,0,0,0,0,0,0,0],[0,0,0,0,0,1,0,0,0,0,0],[0,0,0,0,0,0,0,0,0,0,0],[0,0,0,0,0,0,0,0,0,0,0],[0,0,0,0,0,0,0,0,0,0,0],[0,0,0,0,0,0,0,0,0,0,0],[0,0,0,1,0,0,0,0,0,0,0]],"theRepetitionNumber":0,"type":"INT","operation":"ADD","name":"i7","isBoxed":"FALSE"}
{"data":[[0,0,0,0,0,0,0,0,0,0,0],[0,0,0,0,0,0,0,0,0,0,0],[0,0,0,0,0,0,0,0,0,1,0],[0,0,0,0,0,0,0,0,0,0,0],[0,0,0,0,0,0,0,0,0,0,0],[0,0,0,0,0,0,0,0,0,0,0],[0,0,0,0,0,0,0,0,0,0,0],[0,0,0,0,0,0,0,0,0,0,0],[0,0,0,0,0,0,0,0,0,0,0],[0,0,0,0,0,0,0,0,0,1,0],[0,0,0,0,0,0,0,0,0,0,0]],"theRepetitionNumber":0,"type":"INT","operation":"SUBTRACT","name":"i7","isBoxed":"FALSE"}
{"data":[[0,0,0,0,0,0,0,0,0,0,0],[0,0,0,0,0,0,0,0,0,0,0],[0,0,0,0,0,0,0,0,0,0,0],[0,0,0,0,0,0,0,0,0,0,0],[0,0,0,0,0,0,0,0,0,0,0],[0,0,0,0,0,0,0,0,0,0,0],[0,0,0,0,0,0,0,0,0,0,0],[0,0,0,0,0,0,0,0,0,0,0],[0,0,0,0,0,0,0,0,0,0,0],[0,0,0,0,0,0,0,0,0,0,0],[0,0,0,0,0,0,0,0,0,0,0]],"theRepetitionNumber":0,"type":"INT","operation":"MULTIPLY","name":"i7","isBoxed":"FALSE"}
{"data":[[0,0,0,0,0,0,0,0,0,0,0],[0,0,0,0,0,0,0,0,0,0,1],[0,0,0,0,0,0,0,0,0,0,0],[0,0,0,0,0,0,0,0,0,0,0],[0,0,0,0,0,0,0,0,0,0,0],[0,0,0,0,0,0,0,0,0,0,0],[0,0,0,0,0,0,0,0,0,0,0],[0,0,0,0,0,1,0,0,0,0,0],[0,0,0,0,0,0,0,0,0,0,0],[0,0,0,0,0,0,0,0,0,0,0],[0,0,0,0,0,0,0,0,0,0,0]],"theRepetitionNumber":0,"type":"INT","operation":"DIVIDE","name":"i7","isBoxed":"FALSE"}
{"data":[[0,1,0,0,0,0,0,0,0,1,0],[0,0,0,0,0,0,0,0,1,0,0],[0,0,0,0,0,0,1,0,0,0,0],[0,1,0,0,0,0,0,0,1,0,0],[0,0,0,0,0,1,0,0,0,0,1],[0,0,0,0,0,0,0,1,0,0,0],[0,0,0,0,0,0,0,0,0,1,0],[0,0,0,0,0,0,0,0,0,0,0],[0,0,0,0,0,0,0,0,0,0,1],[0,0,0,0,0,0,0,0,0,0,0],[0,0,0,0,0,0,0,0,0,0,0]],"theRepetitionNumber":0,"type":"INTEGER_BOXED","operation":"ADD","name":"i7","isBoxed":"TRUE"}
{"data":[[0,0,0,0,0,0,0,0,0,0,0],[0,0,0,0,0,0,0,0,0,0,0],[0,0,0,0,0,0,0,0,0,0,0],[0,0,0,0,0,0,0,0,0,1,0],[0,0,0,0,0,0,0,0,0,0,0],[0,0,0,0,0,0,0,0,0,0,1],[0,0,0,0,0,0,0,0,0,0,0],[0,0,0,0,0,0,0,1,0,0,0],[0,0,0,0,0,0,0,0,0,0,1],[0,0,0,0,0,0,0,0,0,0,0],[0,0,0,0,0,0,1,0,0,0,0]],"theRepetitionNumber":0,"type":"INTEGER_BOXED","operation":"SUBTRACT","name":"i7","isBoxed":"TRUE"}
{"data":[[0,0,0,0,0,0,0,0,0,0,0],[0,0,0,0,0,0,0,0,0,0,0],[0,0,0,0,0,0,0,0,0,1,0],[0,0,0,0,0,0,0,0,0,0,0],[0,0,0,0,0,0,0,0,0,0,0],[0,0,0,0,0,0,0,0,0,0,0],[0,0,0,0,0,0,0,0,0,1,0],[0,0,0,0,0,0,0,0,0,0,0],[0,0,0,0,0,0,0,0,0,0,0],[0,0,0,0,0,0,0,0,0,0,0],[0,0,0,1,0,0,0,0,0,0,0]],"theRepetitionNumber":0,"type":"INTEGER_BOXED","operation":"MULTIPLY","name":"i7","isBoxed":"TRUE"}
{"data":[[0,0,0,0,0,0,0,0,0,0,0],[0,0,0,0,0,0,0,0,0,0,0],[0,0,0,0,0,0,0,0,0,0,0],[0,0,0,0,0,0,0,0,0,1,0],[0,0,0,0,0,0,0,0,0,0,0],[0,0,0,0,0,0,0,0,0,0,0],[0,0,0,0,0,0,0,0,0,0,0],[0,0,0,0,0,0,0,0,0,1,0],[0,0,0,0,0,0,0,0,0,0,0],[0,0,0,0,0,0,0,0,0,0,0],[0,0,0,0,0,0,0,0,0,0,0]],"theRepetitionNumber":0,"type":"INTEGER_BOXED","operation":"DIVIDE","name":"i7","isBoxed":"TRUE"}
{"data":[[0,0,0,0,0,0,0,0,0,0,0],[0,0,0,0,0,0,0,0,0,0,0],[0,0,0,0,0,0,0,1,0,0,0],[0,0,0,0,0,0,0,0,0,0,0],[0,0,0,0,0,0,0,0,0,0,0],[0,0,0,0,0,1,0,0,0,0,0],[0,0,0,0,0,0,0,0,0,0,0],[0,0,0,0,0,0,0,0,0,0,0],[0,0,0,0,1,0,0,0,0,0,0],[0,0,0,0,0,0,0,0,0,0,0],[0,0,0,0,0,0,0,0,0,0,0]],"theRepetitionNumber":0,"type":"FLOAT","operation":"ADD","name":"i7","isBoxed":"FALSE"}
{"data":[[0,0,0,0,0,0,0,0,0,0,0],[0,0,0,0,0,0,0,0,0,0,0],[0,0,0,0,0,0,0,0,0,0,0],[0,0,0,0,0,0,0,0,0,0,0],[0,0,0,0,0,0,0,0,0,0,0],[0,0,0,0,0,0,0,0,0,0,0],[0,0,0,0,0,0,0,0,0,0,0],[0,0,0,0,0,0,0,0,0,1,0],[0,0,0,0,0,0,0,0,0,0,0],[0,0,0,0,0,0,0,0,0,0,0],[0,0,0,0,0,0,0,0,0,0,0]],"theRepetitionNumber":0,"type":"FLOAT","operation":"SUBTRACT","name":"i7","isBoxed":"FALSE"}
{"data":[[0,0,0,0,0,0,0,0,0,0,0],[0,0,0,0,0,0,0,0,0,0,0],[0,0,0,0,0,0,0,0,0,0,0],[0,0,0,0,0,0,0,0,0,0,0],[0,0,0,0,0,0,0,0,0,0,0],[0,0,0,0,0,0,0,0,0,0,0],[0,0,0,0,0,0,0,1,0,0,0],[0,0,0,0,0,0,0,0,0,0,0],[0,0,0,0,0,0,0,0,0,0,0],[0,0,0,0,0,0,0,0,0,0,0],[0,0,0,0,0,0,0,0,0,0,0]],"theRepetitionNumber":0,"type":"FLOAT","operation":"MULTIPLY","name":"i7","isBoxed":"FALSE"}
{"data":[[0,0,0,0,0,0,0,0,0,0,0],[0,0,0,0,0,0,0,0,0,0,0],[0,0,0,0,0,0,0,0,0,0,0],[0,0,0,0,0,0,0,0,0,0,0],[0,0,0,0,0,0,0,0,0,0,0],[0,0,0,0,0,0,1,0,0,0,0],[0,0,0,0,0,0,0,0,0,0,0],[0,0,0,0,0,0,0,0,0,0,0],[0,0,0,0,0,0,0,0,0,0,0],[0,0,0,0,0,0,0,0,0,0,0],[0,0,0,0,0,0,0,0,0,0,0]],"theRepetitionNumber":0,"type":"FLOAT","operation":"DIVIDE","name":"i7","isBoxed":"FALSE"}
{"data":[[0,0,0,0,0,1,0,0,0,1,0],[0,0,0,0,0,0,0,0,1,0,0],[0,0,0,0,0,0,1,0,0,0,0],[0,0,1,0,0,0,0,0,0,1,0],[0,0,0,0,0,0,1,0,0,0,1],[0,0,0,0,0,0,0,0,0,1,0],[0,0,0,0,0,0,0,0,0,0,0],[0,0,0,0,0,0,0,0,0,1,0],[0,0,0,0,0,0,0,0,0,0,0],[0,0,0,0,0,0,0,0,0,0,0],[0,0,0,0,0,0,0,1,0,0,0]],"theRepetitionNumber":0,"type":"FLOAT_BOXED","operation":"ADD","name":"i7","isBoxed":"TRUE"}
{"data":[[0,0,0,0,0,0,0,0,0,0,0],[0,0,0,0,0,0,0,0,0,0,0],[0,0,0,0,0,0,0,0,0,0,1],[0,0,0,0,0,0,0,0,0,0,0],[0,0,0,0,0,0,0,0,0,0,0],[0,0,0,0,0,0,0,0,0,0,0],[0,0,0,0,0,0,0,1,0,0,0],[0,0,0,0,0,0,0,0,0,0,0],[0,0,0,0,0,0,0,0,0,0,0],[0,0,0,0,0,0,0,1,0,0,0],[0,0,0,0,0,0,0,0,0,0,0]],"theRepetitionNumber":0,"type":"FLOAT_BOXED","operation":"SUBTRACT","name":"i7","isBoxed":"TRUE"}
{"data":[[0,0,0,0,0,0,0,0,0,0,0],[0,0,0,0,0,0,0,0,0,0,1],[0,0,0,0,0,0,0,0,0,0,0],[0,0,0,0,0,0,0,0,0,0,0],[0,0,1,0,0,0,0,0,0,0,0],[0,0,0,0,0,0,0,0,0,1,0],[0,0,0,0,0,0,0,0,0,0,0],[0,0,0,0,0,0,1,0,0,0,0],[0,0,0,0,0,0,0,0,0,0,1],[0,0,0,0,0,0,0,0,0,0,0],[0,0,0,0,0,0,0,0,1,0,0]],"theRepetitionNumber":0,"type":"FLOAT_BOXED","operation":"MULTIPLY","name":"i7","isBoxed":"TRUE"}
{"data":[[0,0,0,0,0,0,0,0,0,0,0],[0,5,0,0,0,0,0,0,0,0,0],[0,0,0,0,0,0,0,0,0,0,0],[0,0,0,0,0,0,0,0,0,0,1],[0,0,0,0,0,0,0,0,0,0,0],[0,0,0,0,0,0,0,0,0,0,0],[0,0,0,0,0,0,0,0,0,0,0],[0,0,0,0,0,0,1,0,0,0,0],[0,0,0,0,0,0,0,0,0,0,0],[0,0,0,0,0,0,0,0,0,0,0],[0,0,0,0,0,1,0,0,0,0,0]],"theRepetitionNumber":0,"type":"FLOAT_BOXED","operation":"DIVIDE","name":"i7","isBoxed":"TRUE"}
{"data":[[0,0,0,0,0,0,0,0,0,0,0],[0,0,0,0,0,0,1,0,0,0,0],[0,0,0,0,0,0,0,0,0,0,0],[0,0,0,0,0,0,0,0,0,0,0],[0,0,0,0,0,0,1,0,0,0,0],[0,0,0,0,0,0,0,0,0,0,0],[0,0,0,0,0,0,0,0,0,0,1],[0,0,0,0,0,0,0,0,0,0,0],[0,0,0,0,0,0,0,0,0,0,0],[0,0,0,0,0,0,0,0,0,0,0],[0,0,0,0,0,0,0,0,0,0,0]],"theRepetitionNumber":0,"type":"DOUBLE","operation":"ADD","name":"i7","isBoxed":"FALSE"}
{"data":[[0,0,0,0,0,0,0,0,0,0,0],[0,0,0,0,0,0,0,0,0,0,0],[0,0,0,0,0,0,0,0,0,0,0],[0,0,0,0,0,0,0,0,1,0,0],[0,0,0,0,0,0,0,0,0,0,0],[0,0,0,0,0,0,0,0,0,0,0],[0,0,0,0,0,0,0,0,0,0,0],[0,0,0,0,0,0,0,0,0,0,0],[0,0,0,0,0,0,0,0,0,0,0],[0,0,0,0,0,0,0,0,0,0,0],[0,0,0,0,0,0,0,0,0,0,0]],"theRepetitionNumber":0,"type":"DOUBLE","operation":"SUBTRACT","name":"i7","isBoxed":"FALSE"}
{"data":[[0,0,0,0,0,0,0,0,0,0,0],[0,0,0,0,0,0,0,0,0,0,0],[0,0,0,0,0,0,0,0,0,0,0],[0,0,0,0,0,0,0,0,0,0,0],[0,0,0,0,0,0,0,0,0,0,0],[0,0,0,0,0,0,0,0,0,0,0],[0,0,0,0,0,0,0,0,0,0,0],[1,0,0,0,0,0,0,0,0,0,0],[0,0,0,0,0,0,0,0,0,0,0],[0,0,0,0,0,0,0,0,0,0,0],[0,0,0,0,0,0,0,0,0,0,0]],"theRepetitionNumber":0,"type":"DOUBLE","operation":"MULTIPLY","name":"i7","isBoxed":"FALSE"}
{"data":[[0,0,0,0,0,0,0,0,0,0,0],[0,0,0,0,0,0,0,0,0,0,0],[0,0,0,0,0,0,0,0,0,0,0],[0,0,0,0,0,0,0,0,0,0,0],[0,0,0,0,0,0,0,0,0,0,0],[0,0,0,0,0,0,0,0,0,0,0],[0,0,0,0,0,0,0,0,0,0,0],[0,0,0,0,0,0,0,0,0,0,0],[0,0,0,0,0,0,0,0,0,0,0],[0,0,0,0,0,1,0,0,0,0,0],[0,0,0,0,0,0,0,0,0,0,0]],"theRepetitionNumber":0,"type":"DOUBLE","operation":"DIVIDE","name":"i7","isBoxed":"FALSE"}
{"data":[[0,0,0,0,0,0,1,0,0,0,0],[0,0,1,0,0,0,0,0,0,0,1],[0,0,0,0,0,0,0,0,1,0,0],[0,0,0,0,0,1,0,0,0,0,1],[0,0,0,0,0,0,0,1,0,0,0],[0,0,1,0,0,0,0,0,0,0,0],[0,0,0,0,1,0,0,0,0,0,0],[0,0,0,0,0,0,0,0,0,0,1],[0,0,0,0,0,0,0,0,0,0,0],[0,0,0,0,0,0,0,1,0,0,0],[0,0,0,0,0,0,0,0,0,0,1]],"theRepetitionNumber":0,"type":"DOUBLE_BOXED","operation":"ADD","name":"i7","isBoxed":"TRUE"}
{"data":[[0,0,0,0,0,0,0,0,0,0,0],[0,0,0,0,0,0,0,0,0,0,0],[0,0,0,0,0,1,0,0,0,0,0],[0,0,0,0,0,0,0,0,0,0,0],[0,0,0,0,0,0,0,0,0,0,0],[0,0,0,0,0,0,0,0,1,0,0],[0,0,0,0,0,0,0,0,0,0,0],[0,0,0,0,0,0,0,0,0,0,0],[0,0,0,0,0,0,0,0,0,1,0],[0,0,0,0,0,0,0,0,0,0,0],[0,0,0,0,0,0,0,0,0,0,0]],"theRepetitionNumber":0,"type":"DOUBLE_BOXED","operation":"SUBTRACT","name":"i7","isBoxed":"TRUE"}
{"data":[[0,0,0,0,0,0,0,0,0,0,1],[0,0,0,0,0,0,0,0,0,0,0],[0,0,0,0,0,0,0,0,0,0,0],[0,0,0,0,0,0,0,0,0,0,0],[0,0,0,0,0,0,0,0,0,0,0],[0,0,0,0,0,0,0,0,0,0,0],[0,0,0,0,0,0,0,0,0,0,0],[0,0,0,0,0,0,0,0,0,0,0],[0,0,0,0,0,1,0,0,0,0,0],[0,0,0,0,0,0,0,0,0,0,0],[0,0,0,0,0,0,0,1,0,0,0]],"theRepetitionNumber":0,"type":"DOUBLE_BOXED","operation":"MULTIPLY","name":"i7","isBoxed":"TRUE"}
{"data":[[0,0,0,0,0,0,0,0,0,0,0],[0,0,0,0,0,0,0,0,1,0,0],[0,0,0,0,0,0,0,0,0,0,0],[0,0,0,0,0,0,0,0,0,0,1],[0,0,0,0,0,0,0,0,0,0,0],[0,0,0,0,0,0,0,0,0,0,1],[0,0,0,0,0,0,0,0,0,0,0],[0,0,0,0,0,0,0,0,0,1,0],[0,0,0,0,0,0,0,0,0,0,0],[0,0,0,0,0,0,0,1,0,0,0],[0,0,0,0,0,0,0,0,0,0,1]],"theRepetitionNumber":0,"type":"DOUBLE_BOXED","operation":"DIVIDE","name":"i7","isBoxed":"TRUE"}
{"data":[[0,0,0,0,0,0,0,0,0,0,0],[0,0,0,0,0,0,1,0,0,0,0],[0,0,0,0,0,0,0,0,0,0,0],[0,0,0,0,0,0,1,0,0,0,0],[0,0,0,0,0,0,0,0,0,0,0],[0,0,0,0,0,1,0,0,0,0,0],[0,0,0,0,0,0,0,0,0,0,0],[0,0,0,0,0,0,0,0,0,0,0],[0,0,0,0,0,0,0,0,0,0,0],[0,0,0,0,0,0,0,0,0,0,0],[0,0,0,0,0,0,0,0,0,0,0]],"theRepetitionNumber":0,"type":"LONG","operation":"ADD","name":"i7","isBoxed":"FALSE"}
{"data":[[0,0,0,0,0,0,0,0,0,0,0],[0,0,1,0,0,0,0,0,0,0,0],[0,0,0,0,0,0,0,0,0,0,0],[0,0,0,0,0,0,0,0,0,0,0],[0,0,0,0,0,0,0,0,0,0,0],[0,0,0,0,0,0,0,0,0,0,0],[0,0,0,0,0,0,0,0,0,0,0],[0,0,0,0,0,0,0,0,0,0,0],[0,0,0,0,0,0,0,0,0,0,0],[0,0,0,0,0,0,0,0,0,0,0],[0,0,0,0,0,0,0,0,0,0,0]],"theRepetitionNumber":0,"type":"LONG","operation":"SUBTRACT","name":"i7","isBoxed":"FALSE"}
{"data":[[0,0,0,0,0,0,0,0,0,0,0],[0,0,0,0,0,0,0,0,0,0,0],[0,0,0,0,0,0,0,0,0,0,0],[0,0,0,0,0,0,0,1,0,0,0],[0,0,0,0,0,0,0,0,0,0,0],[0,0,0,0,0,0,0,0,0,0,0],[0,0,0,0,0,0,0,0,0,0,0],[0,0,0,0,0,0,0,0,0,0,0],[0,0,0,0,0,0,0,0,0,0,0],[0,0,0,0,0,0,0,0,0,0,0],[0,0,0,0,0,0,0,0,0,0,0]],"theRepetitionNumber":0,"type":"LONG","operation":"MULTIPLY","name":"i7","isBoxed":"FALSE"}
{"data":[[0,0,0,0,0,0,0,0,0,0,0],[0,0,0,0,0,0,0,0,0,0,0],[0,0,0,0,1,0,0,0,0,0,0],[0,0,0,0,0,0,0,0,0,0,0],[0,0,0,0,0,0,0,0,0,0,0],[0,0,0,0,0,0,0,0,0,0,0],[0,0,0,0,0,0,0,1,0,0,0],[0,0,0,0,0,0,0,0,0,0,0],[0,0,0,0,0,0,0,0,0,0,0],[0,0,0,0,0,0,0,0,0,1,0],[0,0,0,0,0,0,0,0,0,0,0]],"theRepetitionNumber":0,"type":"LONG","operation":"DIVIDE","name":"i7","isBoxed":"FALSE"}
{"data":[[0,0,0,0,1,0,0,0,0,1,0],[0,0,0,0,0,0,0,1,0,0,0],[0,0,0,0,0,1,0,0,0,0,1],[0,0,0,0,0,0,0,0,1,0,0],[0,0,0,0,1,0,0,0,0,1,0],[0,0,0,0,0,0,0,1,0,0,0],[0,0,0,0,0,0,0,0,0,0,1],[0,0,0,0,0,0,0,0,0,0,0],[0,0,0,0,0,0,0,0,0,0,0],[0,0,0,0,0,0,0,0,0,1,0],[0,0,0,0,0,0,0,0,0,0,0]],"theRepetitionNumber":0,"type":"LONG_BOXED","operation":"ADD","name":"i7","isBoxed":"TRUE"}
{"data":[[0,0,0,0,0,0,0,0,0,0,0],[0,0,0,0,0,0,0,0,0,0,0],[1,0,0,0,0,0,0,0,0,0,0],[0,0,0,0,0,0,0,0,0,0,0],[0,0,0,0,0,0,0,0,0,0,0],[0,0,0,0,0,0,0,0,1,0,0],[0,0,0,0,0,0,0,0,0,0,0],[0,0,0,0,0,0,0,0,0,0,0],[0,0,0,0,0,0,0,0,1,0,0],[0,0,0,0,0,0,0,0,0,0,0],[0,0,0,0,0,0,0,0,0,0,0]],"theRepetitionNumber":0,"type":"LONG_BOXED","operation":"SUBTRACT","name":"i7","isBoxed":"TRUE"}
{"data":[[0,0,0,1,0,0,0,0,0,0,0],[0,0,0,0,0,0,0,0,0,0,0],[0,0,0,0,0,1,0,0,0,0,0],[0,0,0,0,0,0,0,0,0,0,0],[0,0,0,0,0,0,0,0,0,0,0],[0,0,0,0,0,0,0,0,0,0,1],[0,0,0,0,0,0,0,0,0,0,0],[0,0,0,0,0,0,0,0,0,0,0],[0,0,0,0,0,0,0,0,0,0,0],[0,0,0,0,0,1,0,0,0,0,0],[0,0,0,0,0,0,0,0,0,0,0]],"theRepetitionNumber":0,"type":"LONG_BOXED","operation":"MULTIPLY","name":"i7","isBoxed":"TRUE"}
{"data":[[0,0,0,0,0,0,0,0,0,0,0],[0,0,0,0,0,0,0,1,0,0,0],[0,0,0,0,0,0,0,0,0,0,0],[0,0,0,0,0,0,0,0,0,0,0],[0,0,0,0,0,0,1,0,0,0,0],[0,0,0,0,0,0,0,0,0,0,0],[0,0,0,0,0,0,0,0,0,0,1],[0,0,0,0,0,0,0,0,0,0,0],[0,0,0,0,0,0,0,0,0,0,0],[0,1,0,0,0,0,0,0,0,0,0],[0,0,0,0,0,1,0,0,0,0,0]],"theRepetitionNumber":0,"type":"LONG_BOXED","operation":"DIVIDE","name":"i7","isBoxed":"TRUE"}
]]></system-out>
  <system-err><![CDATA[]]></system-err>
</testsuite>
